[debug] [2022-05-18T13:41:58.020Z] ----------------------------------------------------------------------
[debug] [2022-05-18T13:41:58.024Z] Command:       D:\node.exe C:\Users\Lenovo\AppData\Roaming\npm\node_modules\firebase-tools\lib\bin\firebase.js init
[debug] [2022-05-18T13:41:58.025Z] CLI Version:   10.9.2
[debug] [2022-05-18T13:41:58.025Z] Platform:      win32
[debug] [2022-05-18T13:41:58.026Z] Node Version:  v14.18.0
[debug] [2022-05-18T13:41:58.028Z] Time:          Wed May 18 2022 19:11:58 GMT+0530 (India Standard Time)
[debug] [2022-05-18T13:41:58.028Z] ----------------------------------------------------------------------
[debug] 
[debug] [2022-05-18T13:41:58.034Z] >>> [apiv2][query] GET https://firebase-public.firebaseio.com/cli.json [none]
[debug] [2022-05-18T13:41:58.212Z] > command requires scopes: ["email","openid","https://www.googleapis.com/auth/cloudplatformprojects.readonly","https://www.googleapis.com/auth/firebase","https://www.googleapis.com/auth/cloud-platform"]
[debug] [2022-05-18T13:41:58.212Z] > authorizing via signed-in user (sionc140720@gmail.com)
[info] 
     ######## #### ########  ######## ########     ###     ######  ########
     ##        ##  ##     ## ##       ##     ##  ##   ##  ##       ##
     ######    ##  ########  ######   ########  #########  ######  ######
     ##        ##  ##    ##  ##       ##     ## ##     ##       ## ##
     ##       #### ##     ## ######## ########  ##     ##  ######  ########

You're about to initialize a Firebase project in this directory:

  D:\Programs\VS Code Prog\Full Stack Udemy Course programs\Student_Nest

Before we get started, keep in mind:

  * You are initializing within an existing Firebase project directory

[debug] [2022-05-18T13:41:59.555Z] <<< [apiv2][status] GET https://firebase-public.firebaseio.com/cli.json 200
[debug] [2022-05-18T13:41:59.555Z] <<< [apiv2][body] GET https://firebase-public.firebaseio.com/cli.json {"cloudBuildErrorAfter":1594252800000,"cloudBuildWarnAfter":1590019200000,"defaultNode10After":1594252800000,"minVersion":"3.0.5","node8DeploysDisabledAfter":1613390400000,"node8RuntimeDisabledAfter":1615809600000,"node8WarnAfter":1600128000000}
[info] 
=== Project Setup
[info] 
[info] First, let's associate this project directory with a Firebase project.
[info] You can create multiple project aliases by running firebase use --add, 
[info] but for now we'll just set up a default project.
[info] 
[debug] [2022-05-18T13:42:40.010Z] Using project from CLI flag: olx-sijeesh
[debug] [2022-05-18T13:42:40.012Z] > refreshing access token with scopes: []
[debug] [2022-05-18T13:42:40.013Z] >>> HTTP REQUEST POST https://www.googleapis.com/oauth2/v3/token  
 <request body omitted>
[debug] [2022-05-18T13:42:42.048Z] <<< HTTP RESPONSE 200 {"expires":"Mon, 01 Jan 1990 00:00:00 GMT","cache-control":"no-cache, no-store, max-age=0, must-revalidate","pragma":"no-cache","date":"Wed, 18 May 2022 13:42:41 GMT","content-type":"application/json; charset=utf-8","vary":"X-Origin, Referer, Origin,Accept-Encoding","server":"scaffolding on HTTPServer2","x-xss-protection":"0","x-frame-options":"SAMEORIGIN","x-content-type-options":"nosniff","alt-svc":"h3=\":443\"; ma=2592000,h3-29=\":443\"; ma=2592000,h3-Q050=\":443\"; ma=2592000,h3-Q046=\":443\"; ma=2592000,h3-Q043=\":443\"; ma=2592000,quic=\":443\"; ma=2592000; v=\"46,43\"","accept-ranges":"none","transfer-encoding":"chunked"}
[debug] [2022-05-18T13:42:42.082Z] >>> [apiv2][query] GET https://firebase.googleapis.com/v1beta1/projects/olx-sijeesh [none]
[debug] [2022-05-18T13:42:42.796Z] <<< [apiv2][status] GET https://firebase.googleapis.com/v1beta1/projects/olx-sijeesh 403
[debug] [2022-05-18T13:42:42.796Z] <<< [apiv2][body] GET https://firebase.googleapis.com/v1beta1/projects/olx-sijeesh {"error":{"code":403,"message":"The caller does not have permission","status":"PERMISSION_DENIED"}}
[debug] [2022-05-18T13:42:42.797Z] HTTP Error: 403, The caller does not have permission
[debug] [2022-05-18T13:42:43.526Z] FirebaseError: HTTP Error: 403, The caller does not have permission
    at module.exports (C:\Users\Lenovo\AppData\Roaming\npm\node_modules\firebase-tools\lib\responseToError.js:47:12)
    at RetryOperation._fn (C:\Users\Lenovo\AppData\Roaming\npm\node_modules\firebase-tools\lib\apiv2.js:286:39)
    at processTicksAndRejections (internal/process/task_queues.js:95:5)
[error] 
[error] Error: Failed to get Firebase project olx-sijeesh. Please make sure the project exists and your account has permission to access it.
